<?xml version="1.0" encoding="UTF-8"?>
<!-- Generated by org.testng.reporters.JUnitReportReporter -->
<testsuite skipped="0" hostname="DESKTOP-P591C0F" name="testvagrant.codinground.tests.SignInTest" tests="1" failures="0" timestamp="11 Nov 2018 16:48:22 GMT" time="22.071" errors="0">
  <testcase name="shouldThrowAnErrorIfSignInDetailsAreMissing" time="22.071" classname="testvagrant.codinground.tests.SignInTest"/>
</testsuite> <!-- testvagrant.codinground.tests.SignInTest -->
