<?xml version="1.0" encoding="UTF-8"?>
<!-- Generated by org.testng.reporters.JUnitReportReporter -->
<testsuite skipped="0" hostname="DESKTOP-P591C0F" name="testvagrant.codinground.tests.SignInTest" tests="1" failures="0" timestamp="11 Nov 2018 14:39:43 GMT" time="11.926" errors="0">
  <testcase name="shouldThrowAnErrorIfSignInDetailsAreMissing" time="11.926" classname="testvagrant.codinground.tests.SignInTest"/>
</testsuite> <!-- testvagrant.codinground.tests.SignInTest -->
