<?xml version="1.0" encoding="UTF-8"?>
<!-- Generated by org.testng.reporters.JUnitReportReporter -->
<testsuite skipped="0" hostname="DESKTOP-P591C0F" name="testvagrant.codinground.tests.FlightBookingTest" tests="1" failures="0" timestamp="11 Nov 2018 17:09:20 GMT" time="7.711" errors="0">
  <testcase name="validateThatFlightSearchResultsDisplayed" time="7.711" classname="testvagrant.codinground.tests.FlightBookingTest"/>
</testsuite> <!-- testvagrant.codinground.tests.FlightBookingTest -->
