<?xml version="1.0" encoding="UTF-8"?>
<!-- Generated by org.testng.reporters.JUnitReportReporter -->
<testsuite skipped="0" hostname="DESKTOP-P591C0F" name="testvagrant.codinground.tests.HotelBookingTest" tests="1" failures="0" timestamp="11 Nov 2018 15:08:34 GMT" time="20.631" errors="0">
  <testcase name="shouldBeAbleToSearchForHotels" time="20.631" classname="testvagrant.codinground.tests.HotelBookingTest"/>
</testsuite> <!-- testvagrant.codinground.tests.HotelBookingTest -->
