<?xml version="1.0" encoding="UTF-8"?>
<!-- Generated by org.testng.reporters.JUnitReportReporter -->
<testsuite skipped="0" hostname="DESKTOP-P591C0F" name="testvagrant.codinground.tests.FlightBookingTest" tests="1" failures="0" timestamp="11 Nov 2018 14:43:24 GMT" time="8.482" errors="0">
  <testcase name="validateThatFlightSearchResultsDisplayed" time="8.482" classname="testvagrant.codinground.tests.FlightBookingTest"/>
</testsuite> <!-- testvagrant.codinground.tests.FlightBookingTest -->
